#
# A fatal error has been detected by the Java Runtime Environment:
#
#  Internal Error (javaClasses.cpp:136), pid=9488, tid=9300
#  fatal error: Invalid layout of preloaded class
#
# JRE version:  (7.0_51-b13) (build )
# Java VM: Java HotSpot(TM) 64-Bit Server VM (24.51-b03 mixed mode windows-amd64 compressed oops)
# Failed to write core dump. Minidumps are not enabled by default on client versions of Windows
#
# If you would like to submit a bug report, please visit:
#   http://bugreport.sun.com/bugreport/crash.jsp
#

---------------  T H R E A D  ---------------

Current thread (0x00000000020e0800):  JavaThread "Unknown thread" [_thread_in_vm, id=9300, stack(0x0000000001fc0000,0x00000000020c0000)]

Stack: [0x0000000001fc0000,0x00000000020c0000]

---------------  P R O C E S S  ---------------

Java Threads: ( => current thread )

Other Threads:

=>0x00000000020e0800 (exited) JavaThread "Unknown thread" [_thread_in_vm, id=9300, stack(0x0000000001fc0000,0x00000000020c0000)]

VM state:not at safepoint (not fully initialized)

VM Mutex/Monitor currently owned by a thread: None

GC Heap History (0 events):
No events

Deoptimization events (0 events):
No events

Internal exceptions (0 events):
No events

Events (10 events):
Event: 0.067 loading class 0x0000000002130ee0 done
Event: 0.067 loading class 0x0000000002130900 done
Event: 0.067 loading class 0x00000000021308e0
Event: 0.068 loading class 0x00000000021389e0
Event: 0.068 loading class 0x00000000021389e0 done
Event: 0.068 loading class 0x0000000002138a10
Event: 0.068 loading class 0x0000000002138a10 done
Event: 0.068 loading class 0x0000000002138a40
Event: 0.068 loading class 0x0000000002138a40 done
Event: 0.068 loading class 0x00000000021308e0 done


Dynamic libraries:
0x000007f72a3e0000 - 0x000007f72a413000 	C:\Program Files\Java\jre7\bin\javaw.exe
0x000007ff0bfb0000 - 0x000007ff0c170000 	C:\windows\SYSTEM32\ntdll.dll
0x000007ff0a600000 - 0x000007ff0a736000 	C:\windows\system32\KERNEL32.DLL
0x000007ff09270000 - 0x000007ff09363000 	C:\windows\system32\KERNELBASE.dll
0x000007ff09c60000 - 0x000007ff09d3e000 	C:\windows\system32\ADVAPI32.dll
0x000007ff09e30000 - 0x000007ff09f7c000 	C:\windows\system32\USER32.dll
0x000007ff060b0000 - 0x000007ff0631a000 	C:\windows\WinSxS\amd64_microsoft.windows.common-controls_6595b64144ccf1df_6.0.9200.16579_none_418ab7ef718b27ef\COMCTL32.dll
0x000007ff0bec0000 - 0x000007ff0bf65000 	C:\windows\system32\msvcrt.dll
0x000007ff093a0000 - 0x000007ff093e8000 	C:\windows\SYSTEM32\sechost.dll
0x000007ff09b10000 - 0x000007ff09c55000 	C:\windows\system32\RPCRT4.dll
0x000007ff093f0000 - 0x000007ff09531000 	C:\windows\system32\GDI32.dll
0x000007ff0bf70000 - 0x000007ff0bfa9000 	C:\windows\system32\IMM32.DLL
0x000007ff0a000000 - 0x000007ff0a116000 	C:\windows\system32\MSCTF.dll
0x00000000571e0000 - 0x00000000572b2000 	C:\Program Files\Java\jre7\bin\msvcr100.dll
0x0000000056a10000 - 0x00000000571d9000 	C:\Program Files\Java\jre7\bin\server\jvm.dll
0x000007ff00b30000 - 0x000007ff00b39000 	C:\windows\SYSTEM32\WSOCK32.dll
0x000007ff06bf0000 - 0x000007ff06c10000 	C:\windows\SYSTEM32\WINMM.dll
0x000007ff09a50000 - 0x000007ff09a57000 	C:\windows\system32\PSAPI.DLL
0x000007ff09940000 - 0x000007ff09998000 	C:\windows\system32\WS2_32.dll
0x000007ff05ec0000 - 0x000007ff05ef3000 	C:\windows\SYSTEM32\WINMMBASE.dll
0x000007ff099a0000 - 0x000007ff099a9000 	C:\windows\system32\NSI.dll
0x000007ff091c0000 - 0x000007ff0920f000 	C:\windows\SYSTEM32\cfgmgr32.dll
0x000007ff09370000 - 0x000007ff09392000 	C:\windows\system32\DEVOBJ.dll
0x0000000058340000 - 0x000000005834f000 	C:\Program Files\Java\jre7\bin\verify.dll
0x0000000058310000 - 0x0000000058338000 	C:\Program Files\Java\jre7\bin\java.dll
0x00000000582f0000 - 0x0000000058305000 	C:\Program Files\Java\jre7\bin\zip.dll

VM Arguments:
jvm_args: -Dfile.encoding=Cp1252 -Xbootclasspath:C:\Users\Reginald\Desktop\AndroidIDE\adt-bundle-windows-x86_64-20131030\sdk\platforms\android-17\android.jar 
java_command: HTTP.HttpTests
Launcher Type: SUN_STANDARD

Environment Variables:
PATH=C:\OCaml\emacs-23.3\bin;C:\Tcl\bin;C:\OCaml\bin;C:\Program Files (x86)\NVIDIA Corporation\PhysX\Common;C:\Program Files (x86)\Intel\iCLS Client\;C:\Program Files\Intel\iCLS Client\;C:\windows\system32;C:\windows;C:\windows\System32\Wbem;C:\windows\System32\WindowsPowerShell\v1.0\;C:\Program Files\Intel\Intel(R) Management Engine Components\DAL;C:\Program Files\Intel\Intel(R) Management Engine Components\IPT;C:\Program Files (x86)\Intel\Intel(R) Management Engine Components\DAL;C:\Program Files (x86)\Intel\Intel(R) Management Engine Components\IPT;C:\Program Files (x86)\Intel\OpenCL SDK\2.0\bin\x86;C:\Program Files (x86)\Intel\OpenCL SDK\2.0\bin\x64;C:\Program Files (x86)\Windows Live\Shared;C:\Program Files\Condusiv Technologies\IntelliMemory\;C:\Program Files\nodejs\;C:\Program Files (x86)\Heroku\bin;C:\Program Files (x86)\git\cmd;C:\HashiCorp\Vagrant\bin;C:\Program Files (x86)\Aspera\Client\bin\;C:\Program Files (x86)\scala\\bin;C:\Users\Reginald\AppData\Roaming\npm;C:\Program Files\nodejs;C:\HashiCorp\Vagrant\bin;C:\Program Files (x86)\Git\bin;C:\Program Files\Oracle\VirtualBox
USERNAME=Reginald
OS=Windows_NT
PROCESSOR_IDENTIFIER=Intel64 Family 6 Model 58 Stepping 9, GenuineIntel



---------------  S Y S T E M  ---------------

OS: Windows 8 , 64 bit Build 9200 

CPU:total 8 (4 cores per cpu, 2 threads per core) family 6 model 58 stepping 9, cmov, cx8, fxsr, mmx, sse, sse2, sse3, ssse3, sse4.1, sse4.2, popcnt, avx, aes, erms, ht, tsc, tscinvbit, tscinv

Memory: 4k page, physical 8273368k(4209724k free), swap 25656796k(3183740k free)

vm_info: Java HotSpot(TM) 64-Bit Server VM (24.51-b03) for windows-amd64 JRE (1.7.0_51-b13), built on Dec 18 2013 18:40:56 by "java_re" with unknown MS VC++:1600

time: Sat Mar 08 22:03:38 2014
elapsed time: 0 seconds

